<?xml version="1.0" encoding="UTF-8"?>
<testsuite name="com.example.App" tests="1" failures="0" errors="0" skipped="0" time="0.045">
  <properties>
    <property name="java.version" value="1.8.0_202"/>
    <property name="os.name" value="Windows 10"/>
  </properties>
  <testcase classname="com.example.App" name="testHelloWorld" time="0.045"/>
</testsuite>
